<?xml version="1.0"?>
<!DOCTYPE coverage SYSTEM "http://cobertura.sourceforge.net/xml/coverage-04.dtd">

<coverage line-rate="0.06965174129353234" branch-rate="0.0" lines-covered="14" lines-valid="201" branches-covered="0" branches-valid="114" complexity="2.5853658536585367" version="2.0.3" timestamp="1607503430901">
	<sources>
		<source>src/main/java</source>
	</sources>
	<packages>
		<package name="org.apache.commons.cli" line-rate="0.06965174129353234" branch-rate="0.0" complexity="2.5853658536585367">
			<classes>
				<class name="org.apache.commons.cli.HelpFormatter" filename="org/apache/commons/cli/HelpFormatter.java" line-rate="0.06598984771573604" branch-rate="0.0" complexity="2.5853658536585367">
					<methods>
						<method name="&lt;init&gt;" signature="()V" line-rate="1.0" branch-rate="1.0">
							<lines>
								<line number="36" hits="1" branch="false"/>
								<line number="75" hits="1" branch="false"/>
								<line number="83" hits="1" branch="false"/>
								<line number="92" hits="1" branch="false"/>
								<line number="100" hits="1" branch="false"/>
								<line number="108" hits="1" branch="false"/>
								<line number="116" hits="1" branch="false"/>
								<line number="124" hits="1" branch="false"/>
								<line number="127" hits="1" branch="false"/>
								<line number="135" hits="1" branch="false"/>
								<line number="142" hits="1" branch="false"/>
								<line number="987" hits="1" branch="false"/>
							</lines>
						</method>
						<method name="appendOption" signature="(Ljava/lang/StringBuffer;Lorg/apache/commons/cli/Option;Z)V" line-rate="0.0" branch-rate="0.0">
							<lines>
								<line number="639" hits="0" branch="true" condition-coverage="0% (0/2)">
									<conditions>
										<condition number="0" type="jump" coverage="0%"/>
									</conditions>
								</line>
								<line number="641" hits="0" branch="false"/>
								<line number="644" hits="0" branch="true" condition-coverage="0% (0/2)">
									<conditions>
										<condition number="0" type="jump" coverage="0%"/>
									</conditions>
								</line>
								<line number="646" hits="0" branch="false"/>
								<line number="650" hits="0" branch="false"/>
								<line number="654" hits="0" branch="true" condition-coverage="0% (0/6)">
									<conditions>
										<condition number="0" type="jump" coverage="0%"/>
										<condition number="1" type="jump" coverage="0%"/>
										<condition number="2" type="jump" coverage="0%"/>
									</conditions>
								</line>
								<line number="656" hits="0" branch="true" condition-coverage="0% (0/2)">
									<conditions>
										<condition number="0" type="jump" coverage="0%"/>
									</conditions>
								</line>
								<line number="657" hits="0" branch="true" condition-coverage="0% (0/2)">
									<conditions>
										<condition number="0" type="jump" coverage="0%"/>
									</conditions>
								</line>
								<line number="661" hits="0" branch="true" condition-coverage="0% (0/2)">
									<conditions>
										<condition number="0" type="jump" coverage="0%"/>
									</conditions>
								</line>
								<line number="663" hits="0" branch="false"/>
								<line number="665" hits="0" branch="false"/>
							</lines>
						</method>
						<method name="appendOptionGroup" signature="(Ljava/lang/StringBuffer;Lorg/apache/commons/cli/OptionGroup;)V" line-rate="0.0" branch-rate="0.0">
							<lines>
								<line number="605" hits="0" branch="true" condition-coverage="0% (0/2)">
									<conditions>
										<condition number="0" type="jump" coverage="0%"/>
									</conditions>
								</line>
								<line number="607" hits="0" branch="false"/>
								<line number="610" hits="0" branch="false"/>
								<line number="611" hits="0" branch="false"/>
								<line number="613" hits="0" branch="true" condition-coverage="0% (0/2)">
									<conditions>
										<condition number="0" type="jump" coverage="0%"/>
									</conditions>
								</line>
								<line number="616" hits="0" branch="false"/>
								<line number="618" hits="0" branch="true" condition-coverage="0% (0/2)">
									<conditions>
										<condition number="0" type="jump" coverage="0%"/>
									</conditions>
								</line>
								<line number="620" hits="0" branch="false"/>
								<line number="624" hits="0" branch="true" condition-coverage="0% (0/2)">
									<conditions>
										<condition number="0" type="jump" coverage="0%"/>
									</conditions>
								</line>
								<line number="626" hits="0" branch="false"/>
								<line number="628" hits="0" branch="false"/>
							</lines>
						</method>
						<method name="createPadding" signature="(I)Ljava/lang/String;" line-rate="0.0" branch-rate="1.0">
							<lines>
								<line number="950" hits="0" branch="false"/>
								<line number="951" hits="0" branch="false"/>
								<line number="953" hits="0" branch="false"/>
							</lines>
						</method>
						<method name="findWrapPos" signature="(Ljava/lang/String;II)I" line-rate="0.0" branch-rate="0.0">
							<lines>
								<line number="907" hits="0" branch="true" condition-coverage="0% (0/8)">
									<conditions>
										<condition number="0" type="jump" coverage="0%"/>
										<condition number="1" type="jump" coverage="0%"/>
										<condition number="2" type="jump" coverage="0%"/>
										<condition number="3" type="jump" coverage="0%"/>
									</conditions>
								</line>
								<line number="910" hits="0" branch="false"/>
								<line number="912" hits="0" branch="true" condition-coverage="0% (0/2)">
									<conditions>
										<condition number="0" type="jump" coverage="0%"/>
									</conditions>
								</line>
								<line number="914" hits="0" branch="false"/>
								<line number="919" hits="0" branch="false"/>
								<line number="924" hits="0" branch="true" condition-coverage="0% (0/8)">
									<conditions>
										<condition number="0" type="jump" coverage="0%"/>
										<condition number="1" type="jump" coverage="0%"/>
										<condition number="2" type="jump" coverage="0%"/>
										<condition number="3" type="jump" coverage="0%"/>
									</conditions>
								</line>
								<line number="926" hits="0" branch="false"/>
								<line number="930" hits="0" branch="true" condition-coverage="0% (0/2)">
									<conditions>
										<condition number="0" type="jump" coverage="0%"/>
									</conditions>
								</line>
								<line number="932" hits="0" branch="false"/>
								<line number="936" hits="0" branch="false"/>
								<line number="938" hits="0" branch="true" condition-coverage="0% (0/2)">
									<conditions>
										<condition number="0" type="jump" coverage="0%"/>
									</conditions>
								</line>
							</lines>
						</method>
						<method name="getArgName" signature="()Ljava/lang/String;" line-rate="0.0" branch-rate="1.0">
							<lines>
								<line number="325" hits="0" branch="false"/>
							</lines>
						</method>
						<method name="getDescPadding" signature="()I" line-rate="0.0" branch-rate="1.0">
							<lines>
								<line number="201" hits="0" branch="false"/>
							</lines>
						</method>
						<method name="getLeftPadding" signature="()I" line-rate="0.0" branch-rate="1.0">
							<lines>
								<line number="181" hits="0" branch="false"/>
							</lines>
						</method>
						<method name="getLongOptPrefix" signature="()Ljava/lang/String;" line-rate="0.0" branch-rate="1.0">
							<lines>
								<line number="281" hits="0" branch="false"/>
							</lines>
						</method>
						<method name="getLongOptSeparator" signature="()Ljava/lang/String;" line-rate="0.0" branch-rate="1.0">
							<lines>
								<line number="305" hits="0" branch="false"/>
							</lines>
						</method>
						<method name="getNewLine" signature="()Ljava/lang/String;" line-rate="0.0" branch-rate="1.0">
							<lines>
								<line number="241" hits="0" branch="false"/>
							</lines>
						</method>
						<method name="getOptPrefix" signature="()Ljava/lang/String;" line-rate="1.0" branch-rate="1.0">
							<lines>
								<line number="261" hits="1" branch="false"/>
							</lines>
						</method>
						<method name="getOptionComparator" signature="()Ljava/util/Comparator;" line-rate="0.0" branch-rate="1.0">
							<lines>
								<line number="336" hits="0" branch="false"/>
							</lines>
						</method>
						<method name="getSyntaxPrefix" signature="()Ljava/lang/String;" line-rate="0.0" branch-rate="1.0">
							<lines>
								<line number="221" hits="0" branch="false"/>
							</lines>
						</method>
						<method name="getWidth" signature="()I" line-rate="0.0" branch-rate="1.0">
							<lines>
								<line number="161" hits="0" branch="false"/>
							</lines>
						</method>
						<method name="printHelp" signature="(ILjava/lang/String;Ljava/lang/String;Lorg/apache/commons/cli/Options;Ljava/lang/String;)V" line-rate="0.0" branch-rate="1.0">
							<lines>
								<line number="430" hits="0" branch="false"/>
								<line number="431" hits="0" branch="false"/>
							</lines>
						</method>
						<method name="printHelp" signature="(ILjava/lang/String;Ljava/lang/String;Lorg/apache/commons/cli/Options;Ljava/lang/String;Z)V" line-rate="0.0" branch-rate="1.0">
							<lines>
								<line number="449" hits="0" branch="false"/>
								<line number="451" hits="0" branch="false"/>
								<line number="452" hits="0" branch="false"/>
								<line number="453" hits="0" branch="false"/>
							</lines>
						</method>
						<method name="printHelp" signature="(Ljava/io/PrintWriter;ILjava/lang/String;Ljava/lang/String;Lorg/apache/commons/cli/Options;IILjava/lang/String;)V" line-rate="0.0" branch-rate="1.0">
							<lines>
								<line number="476" hits="0" branch="false"/>
								<line number="477" hits="0" branch="false"/>
							</lines>
						</method>
						<method name="printHelp" signature="(Ljava/io/PrintWriter;ILjava/lang/String;Ljava/lang/String;Lorg/apache/commons/cli/Options;IILjava/lang/String;Z)V" line-rate="0.0" branch-rate="0.0">
							<lines>
								<line number="503" hits="0" branch="true" condition-coverage="0% (0/4)">
									<conditions>
										<condition number="0" type="jump" coverage="0%"/>
										<condition number="1" type="jump" coverage="0%"/>
									</conditions>
								</line>
								<line number="505" hits="0" branch="false"/>
								<line number="508" hits="0" branch="true" condition-coverage="0% (0/2)">
									<conditions>
										<condition number="0" type="jump" coverage="0%"/>
									</conditions>
								</line>
								<line number="510" hits="0" branch="false"/>
								<line number="514" hits="0" branch="false"/>
								<line number="517" hits="0" branch="true" condition-coverage="0% (0/4)">
									<conditions>
										<condition number="0" type="jump" coverage="0%"/>
										<condition number="1" type="jump" coverage="0%"/>
									</conditions>
								</line>
								<line number="519" hits="0" branch="false"/>
								<line number="522" hits="0" branch="false"/>
								<line number="524" hits="0" branch="true" condition-coverage="0% (0/4)">
									<conditions>
										<condition number="0" type="jump" coverage="0%"/>
										<condition number="1" type="jump" coverage="0%"/>
									</conditions>
								</line>
								<line number="526" hits="0" branch="false"/>
								<line number="528" hits="0" branch="false"/>
							</lines>
						</method>
						<method name="printHelp" signature="(Ljava/lang/String;Ljava/lang/String;Lorg/apache/commons/cli/Options;Ljava/lang/String;)V" line-rate="0.0" branch-rate="1.0">
							<lines>
								<line number="397" hits="0" branch="false"/>
								<line number="398" hits="0" branch="false"/>
							</lines>
						</method>
						<method name="printHelp" signature="(Ljava/lang/String;Ljava/lang/String;Lorg/apache/commons/cli/Options;Ljava/lang/String;Z)V" line-rate="0.0" branch-rate="1.0">
							<lines>
								<line number="414" hits="0" branch="false"/>
								<line number="415" hits="0" branch="false"/>
							</lines>
						</method>
						<method name="printHelp" signature="(Ljava/lang/String;Lorg/apache/commons/cli/Options;)V" line-rate="0.0" branch-rate="1.0">
							<lines>
								<line number="367" hits="0" branch="false"/>
								<line number="368" hits="0" branch="false"/>
							</lines>
						</method>
						<method name="printHelp" signature="(Ljava/lang/String;Lorg/apache/commons/cli/Options;Z)V" line-rate="0.0" branch-rate="1.0">
							<lines>
								<line number="382" hits="0" branch="false"/>
								<line number="383" hits="0" branch="false"/>
							</lines>
						</method>
						<method name="printOptions" signature="(Ljava/io/PrintWriter;ILorg/apache/commons/cli/Options;II)V" line-rate="0.0" branch-rate="1.0">
							<lines>
								<line number="697" hits="0" branch="false"/>
								<line number="699" hits="0" branch="false"/>
								<line number="700" hits="0" branch="false"/>
								<line number="701" hits="0" branch="false"/>
							</lines>
						</method>
						<method name="printUsage" signature="(Ljava/io/PrintWriter;ILjava/lang/String;)V" line-rate="0.0" branch-rate="1.0">
							<lines>
								<line number="677" hits="0" branch="false"/>
								<line number="679" hits="0" branch="false"/>
								<line number="680" hits="0" branch="false"/>
							</lines>
						</method>
						<method name="printUsage" signature="(Ljava/io/PrintWriter;ILjava/lang/String;Lorg/apache/commons/cli/Options;)V" line-rate="0.0" branch-rate="0.0">
							<lines>
								<line number="541" hits="0" branch="false"/>
								<line number="544" hits="0" branch="false"/>
								<line number="549" hits="0" branch="false"/>
								<line number="550" hits="0" branch="false"/>
								<line number="552" hits="0" branch="true" condition-coverage="0% (0/2)">
									<conditions>
										<condition number="0" type="jump" coverage="0%"/>
									</conditions>
								</line>
								<line number="555" hits="0" branch="false"/>
								<line number="558" hits="0" branch="false"/>
								<line number="561" hits="0" branch="true" condition-coverage="0% (0/2)">
									<conditions>
										<condition number="0" type="jump" coverage="0%"/>
									</conditions>
								</line>
								<line number="564" hits="0" branch="true" condition-coverage="0% (0/2)">
									<conditions>
										<condition number="0" type="jump" coverage="0%"/>
									</conditions>
								</line>
								<line number="567" hits="0" branch="false"/>
								<line number="571" hits="0" branch="false"/>
								<line number="581" hits="0" branch="false"/>
								<line number="584" hits="0" branch="true" condition-coverage="0% (0/2)">
									<conditions>
										<condition number="0" type="jump" coverage="0%"/>
									</conditions>
								</line>
								<line number="586" hits="0" branch="false"/>
								<line number="588" hits="0" branch="false"/>
								<line number="592" hits="0" branch="false"/>
								<line number="593" hits="0" branch="false"/>
							</lines>
						</method>
						<method name="printWrapped" signature="(Ljava/io/PrintWriter;IILjava/lang/String;)V" line-rate="0.0" branch-rate="1.0">
							<lines>
								<line number="725" hits="0" branch="false"/>
								<line number="727" hits="0" branch="false"/>
								<line number="728" hits="0" branch="false"/>
								<line number="729" hits="0" branch="false"/>
							</lines>
						</method>
						<method name="printWrapped" signature="(Ljava/io/PrintWriter;ILjava/lang/String;)V" line-rate="0.0" branch-rate="1.0">
							<lines>
								<line number="712" hits="0" branch="false"/>
								<line number="713" hits="0" branch="false"/>
							</lines>
						</method>
						<method name="renderOptions" signature="(Ljava/lang/StringBuffer;ILorg/apache/commons/cli/Options;II)Ljava/lang/StringBuffer;" line-rate="0.0" branch-rate="0.0">
							<lines>
								<line number="749" hits="0" branch="false"/>
								<line number="750" hits="0" branch="false"/>
								<line number="756" hits="0" branch="false"/>
								<line number="758" hits="0" branch="false"/>
								<line number="760" hits="0" branch="false"/>
								<line number="762" hits="0" branch="false"/>
								<line number="764" hits="0" branch="true" condition-coverage="0% (0/2)">
									<conditions>
										<condition number="0" type="jump" coverage="0%"/>
									</conditions>
								</line>
								<line number="766" hits="0" branch="false"/>
								<line number="767" hits="0" branch="false"/>
								<line number="769" hits="0" branch="true" condition-coverage="0% (0/2)">
									<conditions>
										<condition number="0" type="jump" coverage="0%"/>
									</conditions>
								</line>
								<line number="771" hits="0" branch="false"/>
								<line number="775" hits="0" branch="false"/>
								<line number="777" hits="0" branch="true" condition-coverage="0% (0/2)">
									<conditions>
										<condition number="0" type="jump" coverage="0%"/>
									</conditions>
								</line>
								<line number="779" hits="0" branch="false"/>
								<line number="783" hits="0" branch="true" condition-coverage="0% (0/2)">
									<conditions>
										<condition number="0" type="jump" coverage="0%"/>
									</conditions>
								</line>
								<line number="785" hits="0" branch="false"/>
								<line number="786" hits="0" branch="true" condition-coverage="0% (0/4)">
									<conditions>
										<condition number="0" type="jump" coverage="0%"/>
										<condition number="1" type="jump" coverage="0%"/>
									</conditions>
								</line>
								<line number="789" hits="0" branch="false"/>
								<line number="793" hits="0" branch="true" condition-coverage="0% (0/2)">
									<conditions>
										<condition number="0" type="jump" coverage="0%"/>
									</conditions>
								</line>
								<line number="794" hits="0" branch="true" condition-coverage="0% (0/2)">
									<conditions>
										<condition number="0" type="jump" coverage="0%"/>
									</conditions>
								</line>
								<line number="798" hits="0" branch="false"/>
								<line number="799" hits="0" branch="true" condition-coverage="0% (0/2)">
									<conditions>
										<condition number="0" type="jump" coverage="0%"/>
									</conditions>
								</line>
								<line number="800" hits="0" branch="false"/>
								<line number="802" hits="0" branch="false"/>
								<line number="804" hits="0" branch="true" condition-coverage="0% (0/2)">
									<conditions>
										<condition number="0" type="jump" coverage="0%"/>
									</conditions>
								</line>
								<line number="806" hits="0" branch="false"/>
								<line number="807" hits="0" branch="false"/>
								<line number="809" hits="0" branch="true" condition-coverage="0% (0/2)">
									<conditions>
										<condition number="0" type="jump" coverage="0%"/>
									</conditions>
								</line>
								<line number="811" hits="0" branch="false"/>
								<line number="814" hits="0" branch="false"/>
								<line number="816" hits="0" branch="false"/>
								<line number="818" hits="0" branch="true" condition-coverage="0% (0/2)">
									<conditions>
										<condition number="0" type="jump" coverage="0%"/>
									</conditions>
								</line>
								<line number="820" hits="0" branch="false"/>
								<line number="823" hits="0" branch="false"/>
								<line number="825" hits="0" branch="true" condition-coverage="0% (0/2)">
									<conditions>
										<condition number="0" type="jump" coverage="0%"/>
									</conditions>
								</line>
								<line number="827" hits="0" branch="false"/>
								<line number="829" hits="0" branch="false"/>
								<line number="831" hits="0" branch="false"/>
							</lines>
						</method>
						<method name="renderWrappedText" signature="(Ljava/lang/StringBuffer;IILjava/lang/String;)Ljava/lang/StringBuffer;" line-rate="0.0" branch-rate="0.0">
							<lines>
								<line number="848" hits="0" branch="false"/>
								<line number="850" hits="0" branch="true" condition-coverage="0% (0/2)">
									<conditions>
										<condition number="0" type="jump" coverage="0%"/>
									</conditions>
								</line>
								<line number="852" hits="0" branch="false"/>
								<line number="854" hits="0" branch="false"/>
								<line number="856" hits="0" branch="false"/>
								<line number="858" hits="0" branch="true" condition-coverage="0% (0/2)">
									<conditions>
										<condition number="0" type="jump" coverage="0%"/>
									</conditions>
								</line>
								<line number="861" hits="0" branch="false"/>
								<line number="865" hits="0" branch="false"/>
								<line number="869" hits="0" branch="false"/>
								<line number="870" hits="0" branch="false"/>
								<line number="872" hits="0" branch="true" condition-coverage="0% (0/2)">
									<conditions>
										<condition number="0" type="jump" coverage="0%"/>
									</conditions>
								</line>
								<line number="874" hits="0" branch="false"/>
								<line number="876" hits="0" branch="false"/>
								<line number="879" hits="0" branch="true" condition-coverage="0% (0/4)">
									<conditions>
										<condition number="0" type="jump" coverage="0%"/>
										<condition number="1" type="jump" coverage="0%"/>
									</conditions>
								</line>
								<line number="881" hits="0" branch="false"/>
								<line number="884" hits="0" branch="false"/>
							</lines>
						</method>
						<method name="rtrim" signature="(Ljava/lang/String;)Ljava/lang/String;" line-rate="0.0" branch-rate="0.0">
							<lines>
								<line number="965" hits="0" branch="true" condition-coverage="0% (0/4)">
									<conditions>
										<condition number="0" type="jump" coverage="0%"/>
										<condition number="1" type="jump" coverage="0%"/>
									</conditions>
								</line>
								<line number="967" hits="0" branch="false"/>
								<line number="970" hits="0" branch="false"/>
								<line number="972" hits="0" branch="true" condition-coverage="0% (0/4)">
									<conditions>
										<condition number="0" type="jump" coverage="0%"/>
										<condition number="1" type="jump" coverage="0%"/>
									</conditions>
								</line>
								<line number="974" hits="0" branch="false"/>
								<line number="977" hits="0" branch="false"/>
							</lines>
						</method>
						<method name="setArgName" signature="(Ljava/lang/String;)V" line-rate="0.0" branch-rate="1.0">
							<lines>
								<line number="315" hits="0" branch="false"/>
								<line number="316" hits="0" branch="false"/>
							</lines>
						</method>
						<method name="setDescPadding" signature="(I)V" line-rate="0.0" branch-rate="1.0">
							<lines>
								<line number="191" hits="0" branch="false"/>
								<line number="192" hits="0" branch="false"/>
							</lines>
						</method>
						<method name="setLeftPadding" signature="(I)V" line-rate="0.0" branch-rate="1.0">
							<lines>
								<line number="171" hits="0" branch="false"/>
								<line number="172" hits="0" branch="false"/>
							</lines>
						</method>
						<method name="setLongOptPrefix" signature="(Ljava/lang/String;)V" line-rate="0.0" branch-rate="1.0">
							<lines>
								<line number="271" hits="0" branch="false"/>
								<line number="272" hits="0" branch="false"/>
							</lines>
						</method>
						<method name="setLongOptSeparator" signature="(Ljava/lang/String;)V" line-rate="0.0" branch-rate="1.0">
							<lines>
								<line number="294" hits="0" branch="false"/>
								<line number="295" hits="0" branch="false"/>
							</lines>
						</method>
						<method name="setNewLine" signature="(Ljava/lang/String;)V" line-rate="0.0" branch-rate="1.0">
							<lines>
								<line number="231" hits="0" branch="false"/>
								<line number="232" hits="0" branch="false"/>
							</lines>
						</method>
						<method name="setOptPrefix" signature="(Ljava/lang/String;)V" line-rate="0.0" branch-rate="1.0">
							<lines>
								<line number="251" hits="0" branch="false"/>
								<line number="252" hits="0" branch="false"/>
							</lines>
						</method>
						<method name="setOptionComparator" signature="(Ljava/util/Comparator;)V" line-rate="0.0" branch-rate="0.0">
							<lines>
								<line number="347" hits="0" branch="true" condition-coverage="0% (0/2)">
									<conditions>
										<condition number="0" type="jump" coverage="0%"/>
									</conditions>
								</line>
								<line number="349" hits="0" branch="false"/>
								<line number="353" hits="0" branch="false"/>
								<line number="355" hits="0" branch="false"/>
							</lines>
						</method>
						<method name="setSyntaxPrefix" signature="(Ljava/lang/String;)V" line-rate="0.0" branch-rate="1.0">
							<lines>
								<line number="211" hits="0" branch="false"/>
								<line number="212" hits="0" branch="false"/>
							</lines>
						</method>
						<method name="setWidth" signature="(I)V" line-rate="0.0" branch-rate="1.0">
							<lines>
								<line number="151" hits="0" branch="false"/>
								<line number="152" hits="0" branch="false"/>
							</lines>
						</method>
					</methods>
					<lines>
						<line number="36" hits="1" branch="false"/>
						<line number="75" hits="1" branch="false"/>
						<line number="83" hits="1" branch="false"/>
						<line number="92" hits="1" branch="false"/>
						<line number="100" hits="1" branch="false"/>
						<line number="108" hits="1" branch="false"/>
						<line number="116" hits="1" branch="false"/>
						<line number="124" hits="1" branch="false"/>
						<line number="127" hits="1" branch="false"/>
						<line number="135" hits="1" branch="false"/>
						<line number="142" hits="1" branch="false"/>
						<line number="151" hits="0" branch="false"/>
						<line number="152" hits="0" branch="false"/>
						<line number="161" hits="0" branch="false"/>
						<line number="171" hits="0" branch="false"/>
						<line number="172" hits="0" branch="false"/>
						<line number="181" hits="0" branch="false"/>
						<line number="191" hits="0" branch="false"/>
						<line number="192" hits="0" branch="false"/>
						<line number="201" hits="0" branch="false"/>
						<line number="211" hits="0" branch="false"/>
						<line number="212" hits="0" branch="false"/>
						<line number="221" hits="0" branch="false"/>
						<line number="231" hits="0" branch="false"/>
						<line number="232" hits="0" branch="false"/>
						<line number="241" hits="0" branch="false"/>
						<line number="251" hits="0" branch="false"/>
						<line number="252" hits="0" branch="false"/>
						<line number="261" hits="1" branch="false"/>
						<line number="271" hits="0" branch="false"/>
						<line number="272" hits="0" branch="false"/>
						<line number="281" hits="0" branch="false"/>
						<line number="294" hits="0" branch="false"/>
						<line number="295" hits="0" branch="false"/>
						<line number="305" hits="0" branch="false"/>
						<line number="315" hits="0" branch="false"/>
						<line number="316" hits="0" branch="false"/>
						<line number="325" hits="0" branch="false"/>
						<line number="336" hits="0" branch="false"/>
						<line number="347" hits="0" branch="true" condition-coverage="0% (0/2)">
							<conditions>
								<condition number="0" type="jump" coverage="0%"/>
							</conditions>
						</line>
						<line number="349" hits="0" branch="false"/>
						<line number="353" hits="0" branch="false"/>
						<line number="355" hits="0" branch="false"/>
						<line number="367" hits="0" branch="false"/>
						<line number="368" hits="0" branch="false"/>
						<line number="382" hits="0" branch="false"/>
						<line number="383" hits="0" branch="false"/>
						<line number="397" hits="0" branch="false"/>
						<line number="398" hits="0" branch="false"/>
						<line number="414" hits="0" branch="false"/>
						<line number="415" hits="0" branch="false"/>
						<line number="430" hits="0" branch="false"/>
						<line number="431" hits="0" branch="false"/>
						<line number="449" hits="0" branch="false"/>
						<line number="451" hits="0" branch="false"/>
						<line number="452" hits="0" branch="false"/>
						<line number="453" hits="0" branch="false"/>
						<line number="476" hits="0" branch="false"/>
						<line number="477" hits="0" branch="false"/>
						<line number="503" hits="0" branch="true" condition-coverage="0% (0/4)">
							<conditions>
								<condition number="0" type="jump" coverage="0%"/>
								<condition number="1" type="jump" coverage="0%"/>
							</conditions>
						</line>
						<line number="505" hits="0" branch="false"/>
						<line number="508" hits="0" branch="true" condition-coverage="0% (0/2)">
							<conditions>
								<condition number="0" type="jump" coverage="0%"/>
							</conditions>
						</line>
						<line number="510" hits="0" branch="false"/>
						<line number="514" hits="0" branch="false"/>
						<line number="517" hits="0" branch="true" condition-coverage="0% (0/4)">
							<conditions>
								<condition number="0" type="jump" coverage="0%"/>
								<condition number="1" type="jump" coverage="0%"/>
							</conditions>
						</line>
						<line number="519" hits="0" branch="false"/>
						<line number="522" hits="0" branch="false"/>
						<line number="524" hits="0" branch="true" condition-coverage="0% (0/4)">
							<conditions>
								<condition number="0" type="jump" coverage="0%"/>
								<condition number="1" type="jump" coverage="0%"/>
							</conditions>
						</line>
						<line number="526" hits="0" branch="false"/>
						<line number="528" hits="0" branch="false"/>
						<line number="541" hits="0" branch="false"/>
						<line number="544" hits="0" branch="false"/>
						<line number="549" hits="0" branch="false"/>
						<line number="550" hits="0" branch="false"/>
						<line number="552" hits="0" branch="true" condition-coverage="0% (0/2)">
							<conditions>
								<condition number="0" type="jump" coverage="0%"/>
							</conditions>
						</line>
						<line number="555" hits="0" branch="false"/>
						<line number="558" hits="0" branch="false"/>
						<line number="561" hits="0" branch="true" condition-coverage="0% (0/2)">
							<conditions>
								<condition number="0" type="jump" coverage="0%"/>
							</conditions>
						</line>
						<line number="564" hits="0" branch="true" condition-coverage="0% (0/2)">
							<conditions>
								<condition number="0" type="jump" coverage="0%"/>
							</conditions>
						</line>
						<line number="567" hits="0" branch="false"/>
						<line number="571" hits="0" branch="false"/>
						<line number="581" hits="0" branch="false"/>
						<line number="584" hits="0" branch="true" condition-coverage="0% (0/2)">
							<conditions>
								<condition number="0" type="jump" coverage="0%"/>
							</conditions>
						</line>
						<line number="586" hits="0" branch="false"/>
						<line number="588" hits="0" branch="false"/>
						<line number="592" hits="0" branch="false"/>
						<line number="593" hits="0" branch="false"/>
						<line number="605" hits="0" branch="true" condition-coverage="0% (0/2)">
							<conditions>
								<condition number="0" type="jump" coverage="0%"/>
							</conditions>
						</line>
						<line number="607" hits="0" branch="false"/>
						<line number="610" hits="0" branch="false"/>
						<line number="611" hits="0" branch="false"/>
						<line number="613" hits="0" branch="true" condition-coverage="0% (0/2)">
							<conditions>
								<condition number="0" type="jump" coverage="0%"/>
							</conditions>
						</line>
						<line number="616" hits="0" branch="false"/>
						<line number="618" hits="0" branch="true" condition-coverage="0% (0/2)">
							<conditions>
								<condition number="0" type="jump" coverage="0%"/>
							</conditions>
						</line>
						<line number="620" hits="0" branch="false"/>
						<line number="624" hits="0" branch="true" condition-coverage="0% (0/2)">
							<conditions>
								<condition number="0" type="jump" coverage="0%"/>
							</conditions>
						</line>
						<line number="626" hits="0" branch="false"/>
						<line number="628" hits="0" branch="false"/>
						<line number="639" hits="0" branch="true" condition-coverage="0% (0/2)">
							<conditions>
								<condition number="0" type="jump" coverage="0%"/>
							</conditions>
						</line>
						<line number="641" hits="0" branch="false"/>
						<line number="644" hits="0" branch="true" condition-coverage="0% (0/2)">
							<conditions>
								<condition number="0" type="jump" coverage="0%"/>
							</conditions>
						</line>
						<line number="646" hits="0" branch="false"/>
						<line number="650" hits="0" branch="false"/>
						<line number="654" hits="0" branch="true" condition-coverage="0% (0/6)">
							<conditions>
								<condition number="0" type="jump" coverage="0%"/>
								<condition number="1" type="jump" coverage="0%"/>
								<condition number="2" type="jump" coverage="0%"/>
							</conditions>
						</line>
						<line number="656" hits="0" branch="true" condition-coverage="0% (0/2)">
							<conditions>
								<condition number="0" type="jump" coverage="0%"/>
							</conditions>
						</line>
						<line number="657" hits="0" branch="true" condition-coverage="0% (0/2)">
							<conditions>
								<condition number="0" type="jump" coverage="0%"/>
							</conditions>
						</line>
						<line number="661" hits="0" branch="true" condition-coverage="0% (0/2)">
							<conditions>
								<condition number="0" type="jump" coverage="0%"/>
							</conditions>
						</line>
						<line number="663" hits="0" branch="false"/>
						<line number="665" hits="0" branch="false"/>
						<line number="677" hits="0" branch="false"/>
						<line number="679" hits="0" branch="false"/>
						<line number="680" hits="0" branch="false"/>
						<line number="697" hits="0" branch="false"/>
						<line number="699" hits="0" branch="false"/>
						<line number="700" hits="0" branch="false"/>
						<line number="701" hits="0" branch="false"/>
						<line number="712" hits="0" branch="false"/>
						<line number="713" hits="0" branch="false"/>
						<line number="725" hits="0" branch="false"/>
						<line number="727" hits="0" branch="false"/>
						<line number="728" hits="0" branch="false"/>
						<line number="729" hits="0" branch="false"/>
						<line number="749" hits="0" branch="false"/>
						<line number="750" hits="0" branch="false"/>
						<line number="756" hits="0" branch="false"/>
						<line number="758" hits="0" branch="false"/>
						<line number="760" hits="0" branch="false"/>
						<line number="762" hits="0" branch="false"/>
						<line number="764" hits="0" branch="true" condition-coverage="0% (0/2)">
							<conditions>
								<condition number="0" type="jump" coverage="0%"/>
							</conditions>
						</line>
						<line number="766" hits="0" branch="false"/>
						<line number="767" hits="0" branch="false"/>
						<line number="769" hits="0" branch="true" condition-coverage="0% (0/2)">
							<conditions>
								<condition number="0" type="jump" coverage="0%"/>
							</conditions>
						</line>
						<line number="771" hits="0" branch="false"/>
						<line number="775" hits="0" branch="false"/>
						<line number="777" hits="0" branch="true" condition-coverage="0% (0/2)">
							<conditions>
								<condition number="0" type="jump" coverage="0%"/>
							</conditions>
						</line>
						<line number="779" hits="0" branch="false"/>
						<line number="783" hits="0" branch="true" condition-coverage="0% (0/2)">
							<conditions>
								<condition number="0" type="jump" coverage="0%"/>
							</conditions>
						</line>
						<line number="785" hits="0" branch="false"/>
						<line number="786" hits="0" branch="true" condition-coverage="0% (0/4)">
							<conditions>
								<condition number="0" type="jump" coverage="0%"/>
								<condition number="1" type="jump" coverage="0%"/>
							</conditions>
						</line>
						<line number="789" hits="0" branch="false"/>
						<line number="793" hits="0" branch="true" condition-coverage="0% (0/2)">
							<conditions>
								<condition number="0" type="jump" coverage="0%"/>
							</conditions>
						</line>
						<line number="794" hits="0" branch="true" condition-coverage="0% (0/2)">
							<conditions>
								<condition number="0" type="jump" coverage="0%"/>
							</conditions>
						</line>
						<line number="798" hits="0" branch="false"/>
						<line number="799" hits="0" branch="true" condition-coverage="0% (0/2)">
							<conditions>
								<condition number="0" type="jump" coverage="0%"/>
							</conditions>
						</line>
						<line number="800" hits="0" branch="false"/>
						<line number="802" hits="0" branch="false"/>
						<line number="804" hits="0" branch="true" condition-coverage="0% (0/2)">
							<conditions>
								<condition number="0" type="jump" coverage="0%"/>
							</conditions>
						</line>
						<line number="806" hits="0" branch="false"/>
						<line number="807" hits="0" branch="false"/>
						<line number="809" hits="0" branch="true" condition-coverage="0% (0/2)">
							<conditions>
								<condition number="0" type="jump" coverage="0%"/>
							</conditions>
						</line>
						<line number="811" hits="0" branch="false"/>
						<line number="814" hits="0" branch="false"/>
						<line number="816" hits="0" branch="false"/>
						<line number="818" hits="0" branch="true" condition-coverage="0% (0/2)">
							<conditions>
								<condition number="0" type="jump" coverage="0%"/>
							</conditions>
						</line>
						<line number="820" hits="0" branch="false"/>
						<line number="823" hits="0" branch="false"/>
						<line number="825" hits="0" branch="true" condition-coverage="0% (0/2)">
							<conditions>
								<condition number="0" type="jump" coverage="0%"/>
							</conditions>
						</line>
						<line number="827" hits="0" branch="false"/>
						<line number="829" hits="0" branch="false"/>
						<line number="831" hits="0" branch="false"/>
						<line number="848" hits="0" branch="false"/>
						<line number="850" hits="0" branch="true" condition-coverage="0% (0/2)">
							<conditions>
								<condition number="0" type="jump" coverage="0%"/>
							</conditions>
						</line>
						<line number="852" hits="0" branch="false"/>
						<line number="854" hits="0" branch="false"/>
						<line number="856" hits="0" branch="false"/>
						<line number="858" hits="0" branch="true" condition-coverage="0% (0/2)">
							<conditions>
								<condition number="0" type="jump" coverage="0%"/>
							</conditions>
						</line>
						<line number="861" hits="0" branch="false"/>
						<line number="865" hits="0" branch="false"/>
						<line number="869" hits="0" branch="false"/>
						<line number="870" hits="0" branch="false"/>
						<line number="872" hits="0" branch="true" condition-coverage="0% (0/2)">
							<conditions>
								<condition number="0" type="jump" coverage="0%"/>
							</conditions>
						</line>
						<line number="874" hits="0" branch="false"/>
						<line number="876" hits="0" branch="false"/>
						<line number="879" hits="0" branch="true" condition-coverage="0% (0/4)">
							<conditions>
								<condition number="0" type="jump" coverage="0%"/>
								<condition number="1" type="jump" coverage="0%"/>
							</conditions>
						</line>
						<line number="881" hits="0" branch="false"/>
						<line number="884" hits="0" branch="false"/>
						<line number="907" hits="0" branch="true" condition-coverage="0% (0/8)">
							<conditions>
								<condition number="0" type="jump" coverage="0%"/>
								<condition number="1" type="jump" coverage="0%"/>
								<condition number="2" type="jump" coverage="0%"/>
								<condition number="3" type="jump" coverage="0%"/>
							</conditions>
						</line>
						<line number="910" hits="0" branch="false"/>
						<line number="912" hits="0" branch="true" condition-coverage="0% (0/2)">
							<conditions>
								<condition number="0" type="jump" coverage="0%"/>
							</conditions>
						</line>
						<line number="914" hits="0" branch="false"/>
						<line number="919" hits="0" branch="false"/>
						<line number="924" hits="0" branch="true" condition-coverage="0% (0/8)">
							<conditions>
								<condition number="0" type="jump" coverage="0%"/>
								<condition number="1" type="jump" coverage="0%"/>
								<condition number="2" type="jump" coverage="0%"/>
								<condition number="3" type="jump" coverage="0%"/>
							</conditions>
						</line>
						<line number="926" hits="0" branch="false"/>
						<line number="930" hits="0" branch="true" condition-coverage="0% (0/2)">
							<conditions>
								<condition number="0" type="jump" coverage="0%"/>
							</conditions>
						</line>
						<line number="932" hits="0" branch="false"/>
						<line number="936" hits="0" branch="false"/>
						<line number="938" hits="0" branch="true" condition-coverage="0% (0/2)">
							<conditions>
								<condition number="0" type="jump" coverage="0%"/>
							</conditions>
						</line>
						<line number="950" hits="0" branch="false"/>
						<line number="951" hits="0" branch="false"/>
						<line number="953" hits="0" branch="false"/>
						<line number="965" hits="0" branch="true" condition-coverage="0% (0/4)">
							<conditions>
								<condition number="0" type="jump" coverage="0%"/>
								<condition number="1" type="jump" coverage="0%"/>
							</conditions>
						</line>
						<line number="967" hits="0" branch="false"/>
						<line number="970" hits="0" branch="false"/>
						<line number="972" hits="0" branch="true" condition-coverage="0% (0/4)">
							<conditions>
								<condition number="0" type="jump" coverage="0%"/>
								<condition number="1" type="jump" coverage="0%"/>
							</conditions>
						</line>
						<line number="974" hits="0" branch="false"/>
						<line number="977" hits="0" branch="false"/>
						<line number="987" hits="1" branch="false"/>
					</lines>
				</class>
				<class name="org.apache.commons.cli.HelpFormatter$1" filename="org/apache/commons/cli/HelpFormatter.java" line-rate="1.0" branch-rate="1.0" complexity="2.5853658536585367">
					<methods>
					</methods>
					<lines>
					</lines>
				</class>
				<class name="org.apache.commons.cli.HelpFormatter$OptionComparator" filename="org/apache/commons/cli/HelpFormatter.java" line-rate="0.25" branch-rate="1.0" complexity="2.5853658536585367">
					<methods>
						<method name="&lt;init&gt;" signature="()V" line-rate="1.0" branch-rate="1.0">
							<lines>
							</lines>
						</method>
						<method name="&lt;init&gt;" signature="(Lorg/apache/commons/cli/HelpFormatter$1;)V" line-rate="1.0" branch-rate="1.0">
							<lines>
								<line number="987" hits="2" branch="false"/>
							</lines>
						</method>
						<method name="compare" signature="(Ljava/lang/Object;Ljava/lang/Object;)I" line-rate="0.0" branch-rate="1.0">
							<lines>
								<line number="1003" hits="0" branch="false"/>
								<line number="1004" hits="0" branch="false"/>
								<line number="1006" hits="0" branch="false"/>
							</lines>
						</method>
					</methods>
					<lines>
						<line number="987" hits="2" branch="false"/>
						<line number="1003" hits="0" branch="false"/>
						<line number="1004" hits="0" branch="false"/>
						<line number="1006" hits="0" branch="false"/>
					</lines>
				</class>
			</classes>
		</package>
	</packages>
</coverage>
