<?xml version="1.0"?>
<!DOCTYPE coverage SYSTEM "http://cobertura.sourceforge.net/xml/coverage-04.dtd">

<coverage line-rate="1.0" branch-rate="1.0" lines-covered="3" lines-valid="3" branches-covered="0" branches-valid="0" complexity="1.0" version="2.0.3" timestamp="1607503234875">
	<sources>
		<source>source</source>
	</sources>
	<packages>
		<package name="org.jfree.chart.imagemap" line-rate="1.0" branch-rate="1.0" complexity="1.0">
			<classes>
				<class name="org.jfree.chart.imagemap.StandardToolTipTagFragmentGenerator" filename="org/jfree/chart/imagemap/StandardToolTipTagFragmentGenerator.java" line-rate="1.0" branch-rate="1.0" complexity="1.0">
					<methods>
						<method name="&lt;init&gt;" signature="()V" line-rate="1.0" branch-rate="1.0">
							<lines>
								<line number="54" hits="1" branch="false"/>
								<line number="55" hits="1" branch="false"/>
							</lines>
						</method>
						<method name="generateToolTipFragment" signature="(Ljava/lang/String;)Ljava/lang/String;" line-rate="1.0" branch-rate="1.0">
							<lines>
								<line number="65" hits="1" branch="false"/>
							</lines>
						</method>
					</methods>
					<lines>
						<line number="54" hits="1" branch="false"/>
						<line number="55" hits="1" branch="false"/>
						<line number="65" hits="1" branch="false"/>
					</lines>
				</class>
			</classes>
		</package>
	</packages>
</coverage>
